2025-01-16 19:09:22,596 - __main__ - INFO - Iniciando aplicação
2025-01-16 19:09:22,596 - __main__ - INFO - Janela criada com sucesso
2025-01-16 19:09:26,311 - __main__ - DEBUG - Abrindo diálogo para seleção de diretório
2025-01-16 19:09:29,420 - __main__ - INFO - Diretório selecionado: C:\Users\jefer\Desktop\Nova pasta
2025-01-16 19:10:49,243 - __main__ - DEBUG - Abrindo diálogo para seleção de diretório
2025-01-16 19:10:51,315 - __main__ - INFO - Diretório selecionado: C:\Users\jefer\Desktop\Nova pasta
2025-01-16 19:10:59,840 - __main__ - INFO - Iniciando aplicação
2025-01-16 19:10:59,841 - __main__ - INFO - Janela criada com sucesso
2025-01-16 19:11:03,199 - __main__ - DEBUG - Abrindo diálogo para seleção de diretório
2025-01-16 19:11:05,437 - __main__ - INFO - Diretório selecionado: C:\Users\jefer\Desktop\Nova pasta
2025-01-16 19:11:06,138 - __main__ - DEBUG - Recebida requisição POST em /organizar
2025-01-16 19:11:06,140 - __main__ - DEBUG - Dados recebidos: {'diretorio': 'C:\\Users\\jefer\\Desktop\\Nova pasta'}
2025-01-16 19:11:06,141 - __main__ - INFO - Iniciando organização dos arquivos em: C:\Users\jefer\Desktop\Nova pasta
2025-01-16 19:11:06,144 - __main__ - DEBUG - Processando arquivo: Screenshot_2023.11.24_23.44.41.061.png - Tipo: Imagens
2025-01-16 19:11:06,151 - __main__ - DEBUG - Arquivo movido para: C:\Users\jefer\Desktop\Nova pasta\Imagens\Screenshot_2023.11.24_23.44.41.061.png
2025-01-16 19:11:06,160 - __main__ - DEBUG - Processando arquivo: Screenshot_2023.11.24_23.44.43.273.png - Tipo: Imagens
2025-01-16 19:11:06,173 - __main__ - DEBUG - Arquivo movido para: C:\Users\jefer\Desktop\Nova pasta\Imagens\Screenshot_2023.11.24_23.44.43.273.png
2025-01-16 19:11:06,177 - __main__ - DEBUG - Processando arquivo: Screenshot_2023.11.24_23.44.48.439.png - Tipo: Imagens
2025-01-16 19:11:06,179 - __main__ - DEBUG - Arquivo movido para: C:\Users\jefer\Desktop\Nova pasta\Imagens\Screenshot_2023.11.24_23.44.48.439.png
2025-01-16 19:11:06,180 - __main__ - DEBUG - Processando arquivo: Screenshot_2023.11.24_23.44.55.239.png - Tipo: Imagens
2025-01-16 19:11:06,181 - __main__ - DEBUG - Arquivo movido para: C:\Users\jefer\Desktop\Nova pasta\Imagens\Screenshot_2023.11.24_23.44.55.239.png
2025-01-16 19:11:06,182 - __main__ - DEBUG - Processando arquivo: Screenshot_2023.11.24_23.44.59.256.png - Tipo: Imagens
2025-01-16 19:11:06,183 - __main__ - DEBUG - Arquivo movido para: C:\Users\jefer\Desktop\Nova pasta\Imagens\Screenshot_2023.11.24_23.44.59.256.png
2025-01-16 19:11:06,184 - __main__ - DEBUG - Processando arquivo: Screenshot_480.png - Tipo: Imagens
2025-01-16 19:11:06,186 - __main__ - DEBUG - Arquivo movido para: C:\Users\jefer\Desktop\Nova pasta\Imagens\Screenshot_480.png
2025-01-16 19:11:06,188 - __main__ - DEBUG - Processando arquivo: Screenshot_481.png - Tipo: Imagens
2025-01-16 19:11:06,190 - __main__ - DEBUG - Arquivo movido para: C:\Users\jefer\Desktop\Nova pasta\Imagens\Screenshot_481.png
2025-01-16 19:11:06,190 - __main__ - DEBUG - Processando arquivo: Screenshot_482.png - Tipo: Imagens
2025-01-16 19:11:06,195 - __main__ - DEBUG - Arquivo movido para: C:\Users\jefer\Desktop\Nova pasta\Imagens\Screenshot_482.png
2025-01-16 19:11:06,196 - __main__ - DEBUG - Processando arquivo: Screenshot_483.png - Tipo: Imagens
2025-01-16 19:11:06,198 - __main__ - DEBUG - Arquivo movido para: C:\Users\jefer\Desktop\Nova pasta\Imagens\Screenshot_483.png
2025-01-16 19:11:06,199 - __main__ - DEBUG - Processando arquivo: Screenshot_484.png - Tipo: Imagens
2025-01-16 19:11:06,201 - __main__ - DEBUG - Arquivo movido para: C:\Users\jefer\Desktop\Nova pasta\Imagens\Screenshot_484.png
2025-01-16 19:11:06,202 - __main__ - DEBUG - Processando arquivo: Screenshot_485.png - Tipo: Imagens
2025-01-16 19:11:06,204 - __main__ - DEBUG - Arquivo movido para: C:\Users\jefer\Desktop\Nova pasta\Imagens\Screenshot_485.png
2025-01-16 19:11:06,205 - __main__ - DEBUG - Processando arquivo: Screenshot_486.png - Tipo: Imagens
2025-01-16 19:11:06,206 - __main__ - DEBUG - Arquivo movido para: C:\Users\jefer\Desktop\Nova pasta\Imagens\Screenshot_486.png
2025-01-16 19:11:06,207 - __main__ - DEBUG - Processando arquivo: Screenshot_487.png - Tipo: Imagens
2025-01-16 19:11:06,211 - __main__ - DEBUG - Arquivo movido para: C:\Users\jefer\Desktop\Nova pasta\Imagens\Screenshot_487.png
2025-01-16 19:11:06,215 - __main__ - DEBUG - Processando arquivo: Screenshot_488.png - Tipo: Imagens
2025-01-16 19:11:06,218 - __main__ - DEBUG - Arquivo movido para: C:\Users\jefer\Desktop\Nova pasta\Imagens\Screenshot_488.png
2025-01-16 19:11:06,219 - __main__ - DEBUG - Processando arquivo: Screenshot_489.png - Tipo: Imagens
2025-01-16 19:11:06,223 - __main__ - DEBUG - Arquivo movido para: C:\Users\jefer\Desktop\Nova pasta\Imagens\Screenshot_489.png
2025-01-16 19:11:06,233 - __main__ - DEBUG - Processando arquivo: Screenshot_490.png - Tipo: Imagens
2025-01-16 19:11:06,237 - __main__ - DEBUG - Arquivo movido para: C:\Users\jefer\Desktop\Nova pasta\Imagens\Screenshot_490.png
2025-01-16 19:11:06,239 - __main__ - DEBUG - Processando arquivo: Screenshot_491.png - Tipo: Imagens
2025-01-16 19:11:06,250 - __main__ - DEBUG - Arquivo movido para: C:\Users\jefer\Desktop\Nova pasta\Imagens\Screenshot_491.png
2025-01-16 19:11:06,251 - __main__ - DEBUG - Processando arquivo: Screenshot_492.png - Tipo: Imagens
2025-01-16 19:11:06,252 - __main__ - DEBUG - Arquivo movido para: C:\Users\jefer\Desktop\Nova pasta\Imagens\Screenshot_492.png
2025-01-16 19:11:06,253 - __main__ - DEBUG - Processando arquivo: Screenshot_493.png - Tipo: Imagens
2025-01-16 19:11:06,271 - __main__ - DEBUG - Arquivo movido para: C:\Users\jefer\Desktop\Nova pasta\Imagens\Screenshot_493.png
2025-01-16 19:11:06,272 - __main__ - DEBUG - Processando arquivo: Screenshot_494.png - Tipo: Imagens
2025-01-16 19:11:06,274 - __main__ - DEBUG - Arquivo movido para: C:\Users\jefer\Desktop\Nova pasta\Imagens\Screenshot_494.png
2025-01-16 19:11:06,281 - __main__ - INFO - Arquivos organizados com sucesso! 20 arquivos processados.
2025-01-16 19:14:17,327 - __main__ - INFO - Iniciando aplicação
2025-01-16 19:14:17,328 - __main__ - INFO - Janela criada com sucesso
2025-01-16 19:14:20,553 - __main__ - DEBUG - Abrindo diálogo para seleção de diretório
2025-01-16 19:14:35,073 - __main__ - INFO - Diretório selecionado: C:\Users\jefer\Desktop\Nova pasta
2025-01-16 19:14:35,625 - __main__ - DEBUG - Recebida requisição POST em /organizar
2025-01-16 19:14:35,626 - __main__ - DEBUG - Dados recebidos: {'diretorio': 'C:\\Users\\jefer\\Desktop\\Nova pasta'}
2025-01-16 19:14:35,627 - __main__ - INFO - Iniciando organização dos arquivos em: C:\Users\jefer\Desktop\Nova pasta
2025-01-16 19:14:35,629 - __main__ - DEBUG - Processando arquivo: Screenshot_2023.11.24_23.44.41.061.png - Tipo: Imagens
2025-01-16 19:14:35,630 - __main__ - DEBUG - Arquivo movido para: C:\Users\jefer\Desktop\Nova pasta\Imagens\Screenshot_2023.11.24_23.44.41.061.png
2025-01-16 19:14:35,631 - __main__ - DEBUG - Processando arquivo: Screenshot_2023.11.24_23.44.43.273.png - Tipo: Imagens
2025-01-16 19:14:35,641 - __main__ - DEBUG - Arquivo movido para: C:\Users\jefer\Desktop\Nova pasta\Imagens\Screenshot_2023.11.24_23.44.43.273.png
2025-01-16 19:14:35,644 - __main__ - DEBUG - Processando arquivo: Screenshot_2023.11.24_23.44.48.439.png - Tipo: Imagens
2025-01-16 19:14:35,646 - __main__ - DEBUG - Arquivo movido para: C:\Users\jefer\Desktop\Nova pasta\Imagens\Screenshot_2023.11.24_23.44.48.439.png
2025-01-16 19:14:35,663 - __main__ - DEBUG - Processando arquivo: Screenshot_2023.11.24_23.44.55.239.png - Tipo: Imagens
2025-01-16 19:14:35,679 - __main__ - DEBUG - Arquivo movido para: C:\Users\jefer\Desktop\Nova pasta\Imagens\Screenshot_2023.11.24_23.44.55.239.png
2025-01-16 19:14:35,681 - __main__ - DEBUG - Processando arquivo: Screenshot_2023.11.24_23.44.59.256.png - Tipo: Imagens
2025-01-16 19:14:35,685 - __main__ - DEBUG - Arquivo movido para: C:\Users\jefer\Desktop\Nova pasta\Imagens\Screenshot_2023.11.24_23.44.59.256.png
2025-01-16 19:14:35,689 - __main__ - DEBUG - Processando arquivo: Screenshot_480.png - Tipo: Imagens
2025-01-16 19:14:35,695 - __main__ - DEBUG - Arquivo movido para: C:\Users\jefer\Desktop\Nova pasta\Imagens\Screenshot_480.png
2025-01-16 19:14:35,698 - __main__ - DEBUG - Processando arquivo: Screenshot_481.png - Tipo: Imagens
2025-01-16 19:14:35,704 - __main__ - DEBUG - Arquivo movido para: C:\Users\jefer\Desktop\Nova pasta\Imagens\Screenshot_481.png
2025-01-16 19:14:35,707 - __main__ - DEBUG - Processando arquivo: Screenshot_482.png - Tipo: Imagens
2025-01-16 19:14:35,709 - __main__ - DEBUG - Arquivo movido para: C:\Users\jefer\Desktop\Nova pasta\Imagens\Screenshot_482.png
2025-01-16 19:14:35,710 - __main__ - DEBUG - Processando arquivo: Screenshot_483.png - Tipo: Imagens
2025-01-16 19:14:35,711 - __main__ - DEBUG - Arquivo movido para: C:\Users\jefer\Desktop\Nova pasta\Imagens\Screenshot_483.png
2025-01-16 19:14:35,712 - __main__ - DEBUG - Processando arquivo: Screenshot_484.png - Tipo: Imagens
2025-01-16 19:14:35,714 - __main__ - DEBUG - Arquivo movido para: C:\Users\jefer\Desktop\Nova pasta\Imagens\Screenshot_484.png
2025-01-16 19:14:35,715 - __main__ - DEBUG - Processando arquivo: Screenshot_485.png - Tipo: Imagens
2025-01-16 19:14:35,716 - __main__ - DEBUG - Arquivo movido para: C:\Users\jefer\Desktop\Nova pasta\Imagens\Screenshot_485.png
2025-01-16 19:14:35,720 - __main__ - DEBUG - Processando arquivo: Screenshot_486.png - Tipo: Imagens
2025-01-16 19:14:35,725 - __main__ - DEBUG - Arquivo movido para: C:\Users\jefer\Desktop\Nova pasta\Imagens\Screenshot_486.png
2025-01-16 19:14:35,727 - __main__ - DEBUG - Processando arquivo: Screenshot_487.png - Tipo: Imagens
2025-01-16 19:14:35,728 - __main__ - DEBUG - Arquivo movido para: C:\Users\jefer\Desktop\Nova pasta\Imagens\Screenshot_487.png
2025-01-16 19:14:35,730 - __main__ - DEBUG - Processando arquivo: Screenshot_488.png - Tipo: Imagens
2025-01-16 19:14:35,732 - __main__ - DEBUG - Arquivo movido para: C:\Users\jefer\Desktop\Nova pasta\Imagens\Screenshot_488.png
2025-01-16 19:14:35,733 - __main__ - DEBUG - Processando arquivo: Screenshot_489.png - Tipo: Imagens
2025-01-16 19:14:35,739 - __main__ - DEBUG - Arquivo movido para: C:\Users\jefer\Desktop\Nova pasta\Imagens\Screenshot_489.png
2025-01-16 19:14:35,741 - __main__ - DEBUG - Processando arquivo: Screenshot_490.png - Tipo: Imagens
2025-01-16 19:14:35,743 - __main__ - DEBUG - Arquivo movido para: C:\Users\jefer\Desktop\Nova pasta\Imagens\Screenshot_490.png
2025-01-16 19:14:35,745 - __main__ - DEBUG - Processando arquivo: Screenshot_491.png - Tipo: Imagens
2025-01-16 19:14:35,749 - __main__ - DEBUG - Arquivo movido para: C:\Users\jefer\Desktop\Nova pasta\Imagens\Screenshot_491.png
2025-01-16 19:14:35,750 - __main__ - DEBUG - Processando arquivo: Screenshot_492.png - Tipo: Imagens
2025-01-16 19:14:35,759 - __main__ - DEBUG - Arquivo movido para: C:\Users\jefer\Desktop\Nova pasta\Imagens\Screenshot_492.png
2025-01-16 19:14:35,760 - __main__ - DEBUG - Processando arquivo: Screenshot_493.png - Tipo: Imagens
2025-01-16 19:14:35,762 - __main__ - DEBUG - Arquivo movido para: C:\Users\jefer\Desktop\Nova pasta\Imagens\Screenshot_493.png
2025-01-16 19:14:35,766 - __main__ - DEBUG - Processando arquivo: Screenshot_494.png - Tipo: Imagens
2025-01-16 19:14:35,774 - __main__ - DEBUG - Arquivo movido para: C:\Users\jefer\Desktop\Nova pasta\Imagens\Screenshot_494.png
2025-01-16 19:14:35,774 - __main__ - INFO - Arquivos organizados com sucesso! 20 arquivos processados.
2025-01-16 19:27:13,301 - __main__ - INFO - Iniciando aplicação
2025-01-16 19:27:13,302 - __main__ - INFO - Janela criada com sucesso
2025-01-16 19:27:21,369 - __main__ - DEBUG - Abrindo diálogo para seleção de diretório
2025-01-16 19:27:24,398 - __main__ - INFO - Diretório selecionado: C:\Users\jefer\Desktop\Nova pasta\Imagens
2025-01-16 19:27:25,409 - __main__ - DEBUG - Abrindo diálogo para seleção de diretório
2025-01-16 19:27:38,832 - __main__ - INFO - Diretório selecionado: C:\Users\jefer\Desktop\Nova pasta
2025-01-16 19:27:39,523 - __main__ - DEBUG - Recebida requisição POST em /organizar
2025-01-16 19:27:39,524 - __main__ - DEBUG - Dados recebidos: {'diretorio': 'C:\\Users\\jefer\\Desktop\\Nova pasta'}
2025-01-16 19:27:39,525 - __main__ - INFO - Iniciando organização dos arquivos em: C:\Users\jefer\Desktop\Nova pasta
2025-01-16 19:27:39,527 - __main__ - DEBUG - Processando arquivo: Screenshot_2023.11.24_23.44.41.061.png - Tipo: Imagens
2025-01-16 19:27:39,533 - __main__ - DEBUG - Arquivo movido para: C:\Users\jefer\Desktop\Nova pasta\Imagens\Screenshot_2023.11.24_23.44.41.061.png
2025-01-16 19:27:39,542 - __main__ - DEBUG - Processando arquivo: Screenshot_2023.11.24_23.44.43.273.png - Tipo: Imagens
2025-01-16 19:27:39,544 - __main__ - DEBUG - Arquivo movido para: C:\Users\jefer\Desktop\Nova pasta\Imagens\Screenshot_2023.11.24_23.44.43.273.png
2025-01-16 19:27:39,548 - __main__ - DEBUG - Processando arquivo: Screenshot_2023.11.24_23.44.48.439.png - Tipo: Imagens
2025-01-16 19:27:39,565 - __main__ - DEBUG - Arquivo movido para: C:\Users\jefer\Desktop\Nova pasta\Imagens\Screenshot_2023.11.24_23.44.48.439.png
2025-01-16 19:27:39,566 - __main__ - DEBUG - Processando arquivo: Screenshot_2023.11.24_23.44.55.239.png - Tipo: Imagens
2025-01-16 19:27:39,576 - __main__ - DEBUG - Arquivo movido para: C:\Users\jefer\Desktop\Nova pasta\Imagens\Screenshot_2023.11.24_23.44.55.239.png
2025-01-16 19:27:39,577 - __main__ - DEBUG - Processando arquivo: Screenshot_2023.11.24_23.44.59.256.png - Tipo: Imagens
2025-01-16 19:27:39,579 - __main__ - DEBUG - Arquivo movido para: C:\Users\jefer\Desktop\Nova pasta\Imagens\Screenshot_2023.11.24_23.44.59.256.png
2025-01-16 19:27:39,592 - __main__ - DEBUG - Processando arquivo: Screenshot_480.png - Tipo: Imagens
2025-01-16 19:27:39,595 - __main__ - DEBUG - Arquivo movido para: C:\Users\jefer\Desktop\Nova pasta\Imagens\Screenshot_480.png
2025-01-16 19:27:39,597 - __main__ - DEBUG - Processando arquivo: Screenshot_481.png - Tipo: Imagens
2025-01-16 19:27:39,600 - __main__ - DEBUG - Arquivo movido para: C:\Users\jefer\Desktop\Nova pasta\Imagens\Screenshot_481.png
2025-01-16 19:27:39,607 - __main__ - DEBUG - Processando arquivo: Screenshot_482.png - Tipo: Imagens
2025-01-16 19:27:39,614 - __main__ - DEBUG - Arquivo movido para: C:\Users\jefer\Desktop\Nova pasta\Imagens\Screenshot_482.png
2025-01-16 19:27:39,627 - __main__ - DEBUG - Processando arquivo: Screenshot_483.png - Tipo: Imagens
2025-01-16 19:27:39,631 - __main__ - DEBUG - Arquivo movido para: C:\Users\jefer\Desktop\Nova pasta\Imagens\Screenshot_483.png
2025-01-16 19:27:39,632 - __main__ - DEBUG - Processando arquivo: Screenshot_484.png - Tipo: Imagens
2025-01-16 19:27:39,647 - __main__ - DEBUG - Arquivo movido para: C:\Users\jefer\Desktop\Nova pasta\Imagens\Screenshot_484.png
2025-01-16 19:27:39,648 - __main__ - DEBUG - Processando arquivo: Screenshot_485.png - Tipo: Imagens
2025-01-16 19:27:39,657 - __main__ - DEBUG - Arquivo movido para: C:\Users\jefer\Desktop\Nova pasta\Imagens\Screenshot_485.png
2025-01-16 19:27:39,660 - __main__ - DEBUG - Processando arquivo: Screenshot_486.png - Tipo: Imagens
2025-01-16 19:27:39,663 - __main__ - DEBUG - Arquivo movido para: C:\Users\jefer\Desktop\Nova pasta\Imagens\Screenshot_486.png
2025-01-16 19:27:39,665 - __main__ - DEBUG - Processando arquivo: Screenshot_487.png - Tipo: Imagens
2025-01-16 19:27:39,676 - __main__ - DEBUG - Arquivo movido para: C:\Users\jefer\Desktop\Nova pasta\Imagens\Screenshot_487.png
2025-01-16 19:27:39,676 - __main__ - DEBUG - Processando arquivo: Screenshot_488.png - Tipo: Imagens
2025-01-16 19:27:39,679 - __main__ - DEBUG - Arquivo movido para: C:\Users\jefer\Desktop\Nova pasta\Imagens\Screenshot_488.png
2025-01-16 19:27:39,681 - __main__ - DEBUG - Processando arquivo: Screenshot_489.png - Tipo: Imagens
2025-01-16 19:27:39,683 - __main__ - DEBUG - Arquivo movido para: C:\Users\jefer\Desktop\Nova pasta\Imagens\Screenshot_489.png
2025-01-16 19:27:39,690 - __main__ - DEBUG - Processando arquivo: Screenshot_490.png - Tipo: Imagens
2025-01-16 19:27:39,692 - __main__ - DEBUG - Arquivo movido para: C:\Users\jefer\Desktop\Nova pasta\Imagens\Screenshot_490.png
2025-01-16 19:27:39,693 - __main__ - DEBUG - Processando arquivo: Screenshot_491.png - Tipo: Imagens
2025-01-16 19:27:39,697 - __main__ - DEBUG - Arquivo movido para: C:\Users\jefer\Desktop\Nova pasta\Imagens\Screenshot_491.png
2025-01-16 19:27:39,698 - __main__ - DEBUG - Processando arquivo: Screenshot_492.png - Tipo: Imagens
2025-01-16 19:27:39,699 - __main__ - DEBUG - Arquivo movido para: C:\Users\jefer\Desktop\Nova pasta\Imagens\Screenshot_492.png
2025-01-16 19:27:39,706 - __main__ - DEBUG - Processando arquivo: Screenshot_493.png - Tipo: Imagens
2025-01-16 19:27:39,708 - __main__ - DEBUG - Arquivo movido para: C:\Users\jefer\Desktop\Nova pasta\Imagens\Screenshot_493.png
2025-01-16 19:27:39,708 - __main__ - DEBUG - Processando arquivo: Screenshot_494.png - Tipo: Imagens
2025-01-16 19:27:39,710 - __main__ - DEBUG - Arquivo movido para: C:\Users\jefer\Desktop\Nova pasta\Imagens\Screenshot_494.png
2025-01-16 19:27:39,710 - __main__ - INFO - Arquivos organizados com sucesso! 20 arquivos processados.
2025-01-16 20:35:34,496 - __main__ - INFO - Iniciando aplicação
2025-01-16 20:35:34,497 - __main__ - INFO - Janela criada com sucesso
2025-01-16 20:35:41,899 - __main__ - DEBUG - Abrindo diálogo para seleção de diretório
2025-01-16 20:35:45,235 - __main__ - DEBUG - Seleção de diretório cancelada
2025-01-16 20:38:39,584 - __main__ - INFO - Iniciando aplicação
2025-01-16 20:38:39,584 - __main__ - INFO - Janela criada com sucesso
2025-01-16 20:38:56,257 - __main__ - DEBUG - Abrindo diálogo para seleção de diretório
2025-01-16 20:38:58,079 - __main__ - DEBUG - Seleção de diretório cancelada
